  源.c
H:\.江苏海洋大学\课程设计--通讯录管理系统\课设\课程设计--通讯录管理系统\通讯录管理系统\通讯录管理系统\源.c(116,10): warning C4477: “scanf_s”: 格式字符串“%s”需要类型“unsigned int”的参数，但可变参数 2 拥有了类型“size_t”
  H:\.江苏海洋大学\课程设计--通讯录管理系统\课设\课程设计--通讯录管理系统\通讯录管理系统\通讯录管理系统\源.c(116,10):
  此参数用作缓冲区大小
  
H:\.江苏海洋大学\课程设计--通讯录管理系统\课设\课程设计--通讯录管理系统\通讯录管理系统\通讯录管理系统\源.c(122,11): warning C4477: “scanf_s”: 格式字符串“%s”需要类型“unsigned int”的参数，但可变参数 2 拥有了类型“unsigned __int64”
  H:\.江苏海洋大学\课程设计--通讯录管理系统\课设\课程设计--通讯录管理系统\通讯录管理系统\通讯录管理系统\源.c(122,11):
  此参数用作缓冲区大小
  
H:\.江苏海洋大学\课程设计--通讯录管理系统\课设\课程设计--通讯录管理系统\通讯录管理系统\通讯录管理系统\源.c(132,11): warning C4477: “scanf_s”: 格式字符串“%s”需要类型“unsigned int”的参数，但可变参数 2 拥有了类型“unsigned __int64”
  H:\.江苏海洋大学\课程设计--通讯录管理系统\课设\课程设计--通讯录管理系统\通讯录管理系统\通讯录管理系统\源.c(132,11):
  此参数用作缓冲区大小
  
H:\.江苏海洋大学\课程设计--通讯录管理系统\课设\课程设计--通讯录管理系统\通讯录管理系统\通讯录管理系统\源.c(136,11): warning C4477: “scanf_s”: 格式字符串“%s”需要类型“unsigned int”的参数，但可变参数 2 拥有了类型“unsigned __int64”
  H:\.江苏海洋大学\课程设计--通讯录管理系统\课设\课程设计--通讯录管理系统\通讯录管理系统\通讯录管理系统\源.c(136,11):
  此参数用作缓冲区大小
  
H:\.江苏海洋大学\课程设计--通讯录管理系统\课设\课程设计--通讯录管理系统\通讯录管理系统\通讯录管理系统\源.c(140,11): warning C4477: “scanf_s”: 格式字符串“%s”需要类型“unsigned int”的参数，但可变参数 2 拥有了类型“unsigned __int64”
  H:\.江苏海洋大学\课程设计--通讯录管理系统\课设\课程设计--通讯录管理系统\通讯录管理系统\通讯录管理系统\源.c(140,11):
  此参数用作缓冲区大小
  
H:\.江苏海洋大学\课程设计--通讯录管理系统\课设\课程设计--通讯录管理系统\通讯录管理系统\通讯录管理系统\源.c(143,11): warning C4477: “scanf_s”: 格式字符串“%s”需要类型“unsigned int”的参数，但可变参数 2 拥有了类型“unsigned __int64”
  H:\.江苏海洋大学\课程设计--通讯录管理系统\课设\课程设计--通讯录管理系统\通讯录管理系统\通讯录管理系统\源.c(143,11):
  此参数用作缓冲区大小
  
H:\.江苏海洋大学\课程设计--通讯录管理系统\课设\课程设计--通讯录管理系统\通讯录管理系统\通讯录管理系统\源.c(156,11): warning C4477: “scanf_s”: 格式字符串“%s”需要类型“unsigned int”的参数，但可变参数 2 拥有了类型“size_t”
  H:\.江苏海洋大学\课程设计--通讯录管理系统\课设\课程设计--通讯录管理系统\通讯录管理系统\通讯录管理系统\源.c(156,11):
  此参数用作缓冲区大小
  
H:\.江苏海洋大学\课程设计--通讯录管理系统\课设\课程设计--通讯录管理系统\通讯录管理系统\通讯录管理系统\源.c(200,12): warning C4778: “printf”: 格式字符串“%”未终止
H:\.江苏海洋大学\课程设计--通讯录管理系统\课设\课程设计--通讯录管理系统\通讯录管理系统\通讯录管理系统\源.c(223,13): warning C4778: “printf”: 格式字符串“%”未终止
H:\.江苏海洋大学\课程设计--通讯录管理系统\课设\课程设计--通讯录管理系统\通讯录管理系统\通讯录管理系统\源.c(227,13): warning C4778: “printf”: 格式字符串“%”未终止
H:\.江苏海洋大学\课程设计--通讯录管理系统\课设\课程设计--通讯录管理系统\通讯录管理系统\通讯录管理系统\源.c(247,13): warning C4778: “printf”: 格式字符串“%”未终止
H:\.江苏海洋大学\课程设计--通讯录管理系统\课设\课程设计--通讯录管理系统\通讯录管理系统\通讯录管理系统\源.c(251,13): warning C4778: “printf”: 格式字符串“%”未终止
H:\.江苏海洋大学\课程设计--通讯录管理系统\课设\课程设计--通讯录管理系统\通讯录管理系统\通讯录管理系统\源.c(170,7): warning C4101: “ch”: 未引用的局部变量
H:\.江苏海洋大学\课程设计--通讯录管理系统\课设\课程设计--通讯录管理系统\通讯录管理系统\通讯录管理系统\源.c(298,12): warning C4477: “scanf_s”: 格式字符串“%s”需要类型“unsigned int”的参数，但可变参数 2 拥有了类型“unsigned __int64”
  H:\.江苏海洋大学\课程设计--通讯录管理系统\课设\课程设计--通讯录管理系统\通讯录管理系统\通讯录管理系统\源.c(298,12):
  此参数用作缓冲区大小
  
H:\.江苏海洋大学\课程设计--通讯录管理系统\课设\课程设计--通讯录管理系统\通讯录管理系统\通讯录管理系统\源.c(300,11): warning C4477: “scanf_s”: 格式字符串“%s”需要类型“unsigned int”的参数，但可变参数 2 拥有了类型“unsigned __int64”
  H:\.江苏海洋大学\课程设计--通讯录管理系统\课设\课程设计--通讯录管理系统\通讯录管理系统\通讯录管理系统\源.c(300,11):
  此参数用作缓冲区大小
  
H:\.江苏海洋大学\课程设计--通讯录管理系统\课设\课程设计--通讯录管理系统\通讯录管理系统\通讯录管理系统\源.c(302,12): warning C4477: “scanf_s”: 格式字符串“%s”需要类型“unsigned int”的参数，但可变参数 2 拥有了类型“unsigned __int64”
  H:\.江苏海洋大学\课程设计--通讯录管理系统\课设\课程设计--通讯录管理系统\通讯录管理系统\通讯录管理系统\源.c(302,12):
  此参数用作缓冲区大小
  
H:\.江苏海洋大学\课程设计--通讯录管理系统\课设\课程设计--通讯录管理系统\通讯录管理系统\通讯录管理系统\源.c(304,12): warning C4477: “scanf_s”: 格式字符串“%s”需要类型“unsigned int”的参数，但可变参数 2 拥有了类型“unsigned __int64”
  H:\.江苏海洋大学\课程设计--通讯录管理系统\课设\课程设计--通讯录管理系统\通讯录管理系统\通讯录管理系统\源.c(304,12):
  此参数用作缓冲区大小
  
H:\.江苏海洋大学\课程设计--通讯录管理系统\课设\课程设计--通讯录管理系统\通讯录管理系统\通讯录管理系统\源.c(306,12): warning C4477: “scanf_s”: 格式字符串“%s”需要类型“unsigned int”的参数，但可变参数 2 拥有了类型“unsigned __int64”
  H:\.江苏海洋大学\课程设计--通讯录管理系统\课设\课程设计--通讯录管理系统\通讯录管理系统\通讯录管理系统\源.c(306,12):
  此参数用作缓冲区大小
  
H:\.江苏海洋大学\课程设计--通讯录管理系统\课设\课程设计--通讯录管理系统\通讯录管理系统\通讯录管理系统\源.c(361,12): warning C4477: “scanf_s”: 格式字符串“%s”需要类型“unsigned int”的参数，但可变参数 2 拥有了类型“size_t”
  H:\.江苏海洋大学\课程设计--通讯录管理系统\课设\课程设计--通讯录管理系统\通讯录管理系统\通讯录管理系统\源.c(361,12):
  此参数用作缓冲区大小
  
H:\.江苏海洋大学\课程设计--通讯录管理系统\课设\课程设计--通讯录管理系统\通讯录管理系统\通讯录管理系统\源.c(462,10): warning C4778: “printf”: 格式字符串“%”未终止
  通讯录管理系统.vcxproj -> H:\.江苏海洋大学\课程设计--通讯录管理系统\课设\课程设计--通讯录管理系统\通讯录管理系统\x64\Debug\通讯录管理系统.exe
